<?xml version="1.0" encoding="UTF-8"?>
<testsuite name="practice.algorithm.allthatjava.DuplicationCheckerTest" tests="1" skipped="0" failures="0" errors="0" timestamp="2017-03-27T15:24:35" hostname="CANL-BP1VC72" time="0.005">
  <properties/>
  <testcase name="testMoreThan_one_duplication_within_array" classname="practice.algorithm.allthatjava.DuplicationCheckerTest" time="0.005"/>
  <system-out><![CDATA[Duplicated values:[a]
Duplicated values:[a, e]
Duplicated values:[a, b, c, d, e]
]]></system-out>
  <system-err><![CDATA[]]></system-err>
</testsuite>
